Build started 24.06.2015 19:11:50.
     1>Project "C:\Users\markus\Desktop\db2_programming_project\compressAlg.vcxproj" on node 2 (Build target(s)).
     1>ClCompile:
         C:\Program Files (x86)\Microsoft Visual Studio 12.0\VC\bin\CL.exe /c /IC:\Users\markus\Desktop\db2_programming_project /IC:\thirdparty\vs2013\x64\boost_1_57_0 /Zi /nologo /W3 /WX- /Od /Oy- /D WIN32 /D _DEBUG /D _CONSOLE /Gm /EHsc /RTC1 /MDd /GS /fp:precise /Zc:wchar_t /Zc:forScope /Fo"Debug\\" /Fd"Debug\vc120.pdb" /Gd /TP /analyze- /errorReport:prompt main.cpp
         main.cpp
     1>C:\Users\markus\Desktop\db2_programming_project\compression/RunLengthCompressionColumn.h(102): warning C4018: '<' : signed/unsigned mismatch
                 C:\Users\markus\Desktop\db2_programming_project\compression/RunLengthCompressionColumn.h(101) : while compiling class template member function 'const boost::any CoGaDB::RunLengthCompressionColumn<std::string>::get(CoGaDB::TID)'
                 main.cpp(44) : see reference to function template instantiation 'const boost::any CoGaDB::RunLengthCompressionColumn<std::string>::get(CoGaDB::TID)' being compiled
                 main.cpp(22) : see reference to class template instantiation 'CoGaDB::RunLengthCompressionColumn<std::string>' being compiled
     1>C:\Users\markus\Desktop\db2_programming_project\compression/RunLengthCompressionColumn.h(62): warning C4018: '<' : signed/unsigned mismatch
                 C:\Users\markus\Desktop\db2_programming_project\compression/RunLengthCompressionColumn.h(60) : while compiling class template member function 'int CoGaDB::RunLengthCompressionColumn<std::string>::TIDtoCompressedIndex(CoGaDB::TID)'
                 main.cpp(44) : see reference to function template instantiation 'int CoGaDB::RunLengthCompressionColumn<std::string>::TIDtoCompressedIndex(CoGaDB::TID)' being compiled
     1>C:\Users\markus\Desktop\db2_programming_project\compression/RunLengthCompressionColumn.h(64): warning C4018: '>' : signed/unsigned mismatch
     1>c:\users\markus\desktop\db2_programming_project\compression\runlengthcompressioncolumn.h(67): warning C4715: 'CoGaDB::RunLengthCompressionColumn<std::basic_string<char,std::char_traits<char>,std::allocator<char> > >::TIDtoCompressedIndex' : not all control paths return a value
       Link:
         C:\Program Files (x86)\Microsoft Visual Studio 12.0\VC\bin\link.exe /ERRORREPORT:PROMPT /OUT:"C:\Users\markus\Desktop\db2_programming_project\Debug\compressAlg.exe" /INCREMENTAL /NOLOGO /LIBPATH:C:\thirdparty\vs2013\x64\boost_1_57_0\stage\lib /LIBPATH:C:\Users\markus\Desktop\db2_programming_project /LIBPATH:C:\thirdparty\vs2013\x64\boost_1_57_0\libs "boost_serialization-vc120-mt-gd-1_57.lib" kernel32.lib user32.lib gdi32.lib winspool.lib comdlg32.lib advapi32.lib shell32.lib ole32.lib oleaut32.lib uuid.lib odbc32.lib odbccp32.lib /MANIFEST /MANIFESTUAC:"level='asInvoker' uiAccess='false'" /manifest:embed /DEBUG /PDB:"C:\Users\markus\Desktop\db2_programming_project\Debug\compressAlg.pdb" /SUBSYSTEM:CONSOLE /TLBID:1 /DYNAMICBASE /NXCOMPAT /IMPLIB:"C:\Users\markus\Desktop\db2_programming_project\Debug\compressAlg.lib" /MACHINE:X86 Debug\base_column.obj
         Debug\main.obj
         Debug\unittest.obj
         compressAlg.vcxproj -> C:\Users\markus\Desktop\db2_programming_project\Debug\compressAlg.exe
     1>Done Building Project "C:\Users\markus\Desktop\db2_programming_project\compressAlg.vcxproj" (Build target(s)).

Build succeeded.

Time Elapsed 00:00:08.91
